............................s......sss.ssss............................. [  2%]
........s........s..s................................................... [  4%]
........................................................................ [  6%]
........................................................................ [  9%]
........................................................................ [ 11%]
........................................................................ [ 13%]
........................................................................ [ 15%]
........................................................................ [ 18%]
........................................................................ [ 20%]
........................................................................ [ 22%]
........................................................................ [ 24%]
........................................................................ [ 27%]
........................................................................ [ 29%]
........................................................................ [ 31%]
........................................................................ [ 34%]
........................................................................ [ 36%]
........................................................................ [ 38%]
........................................................................ [ 40%]
........................................................................ [ 43%]
........................................................................ [ 45%]
..........ss....s.ss.................................................... [ 47%]
........................................................................ [ 49%]
........................................................................ [ 52%]
........................................................................ [ 54%]
......................................FFF....F.......................... [ 56%]
........................................................................ [ 58%]
........................................................................ [ 61%]
........................................................................ [ 63%]
........................................................................ [ 65%]
........................................................................ [ 68%]
........................................................................ [ 70%]
........................................................................ [ 72%]
........................................................................ [ 74%]
........................................................................ [ 77%]
........................................................................ [ 79%]
........................................................................ [ 81%]
........................................................................ [ 83%]
........................................................................ [ 86%]
........................................................................ [ 88%]
................................ss...................................... [ 90%]
........................................................................ [ 92%]
........................................................................ [ 95%]
........................................................................ [ 97%]
.................................ss..................................... [ 99%]
.......                                                                  [100%]
=================================== FAILURES ===================================
_________________________ test_signature_dedup_class_a _________________________

tmp_path = PosixPath('/private/var/folders/8p/sc129q6n5hq5b7v1l06vdk3w0000gn/T/pytest-of-mikechen/pytest-1277/test_signature_dedup_class_a0')

    def test_signature_dedup_class_a(tmp_path):
        """Two identical exceptions produce same signature_hash; second call increments count."""
        from juggle_db import JuggleDB
        from juggle_selfheal import record_error
    
        db = JuggleDB(str(tmp_path / "juggle.db"))
        db.init_db()
    
        def fake_exc():
            raise KeyError("thread_id")
    
        exc1 = exc2 = None
        try:
            fake_exc()
        except KeyError as e:
            exc1 = e
        try:
            fake_exc()
        except KeyError as e:
            exc2 = e
    
        with patch("juggle_selfheal._get_db", return_value=db):
            record_error(exc1, "juggle_cli.main")
            record_error(exc2, "juggle_cli.main")
    
        with db._connect() as conn:
            rows = conn.execute("SELECT * FROM error_events").fetchall()
>       assert len(rows) == 1, f"Expected 1 row (dedup), got {len(rows)}"
E       AssertionError: Expected 1 row (dedup), got 0
E       assert 0 == 1
E        +  where 0 = len([])

tests/test_juggle_selfheal.py:455: AssertionError
------------------------------ Captured log setup ------------------------------
WARNING  dbops.migrations_graph:migrations_graph.py:205 Migration 36 (graph_tasks.diffstat) skipped: duplicate column name: diffstat
------------------------------ Captured log call -------------------------------
WARNING  dbops.migrations_graph:migrations_graph.py:205 Migration 36 (graph_tasks.diffstat) skipped: duplicate column name: diffstat
______________________ test_signature_different_exc_type _______________________

tmp_path = PosixPath('/private/var/folders/8p/sc129q6n5hq5b7v1l06vdk3w0000gn/T/pytest-of-mikechen/pytest-1277/test_signature_different_exc_t0')

    def test_signature_different_exc_type(tmp_path):
        """Different exception types produce different signatures."""
        from juggle_db import JuggleDB
        from juggle_selfheal import record_error
    
        db = JuggleDB(str(tmp_path / "juggle.db"))
        db.init_db()
    
        def raise_key():
            raise KeyError("k")
    
        def raise_value():
            raise ValueError("v")
    
        exc_k = exc_v = None
        try:
            raise_key()
        except KeyError as e:
            exc_k = e
        try:
            raise_value()
        except ValueError as e:
            exc_v = e
    
        with patch("juggle_selfheal._get_db", return_value=db):
            record_error(exc_k, "juggle_cli.main")
            record_error(exc_v, "juggle_cli.main")
    
        with db._connect() as conn:
            rows = conn.execute("SELECT * FROM error_events").fetchall()
>       assert len(rows) == 2, "Different exc types must produce different signatures"
E       AssertionError: Different exc types must produce different signatures
E       assert 0 == 2
E        +  where 0 = len([])

tests/test_juggle_selfheal.py:489: AssertionError
------------------------------ Captured log setup ------------------------------
WARNING  dbops.migrations_graph:migrations_graph.py:205 Migration 36 (graph_tasks.diffstat) skipped: duplicate column name: diffstat
------------------------------ Captured log call -------------------------------
WARNING  dbops.migrations_graph:migrations_graph.py:205 Migration 36 (graph_tasks.diffstat) skipped: duplicate column name: diffstat
___________________________ test_resolved_regression ___________________________

tmp_path = PosixPath('/private/var/folders/8p/sc129q6n5hq5b7v1l06vdk3w0000gn/T/pytest-of-mikechen/pytest-1277/test_resolved_regression0')

    def test_resolved_regression(tmp_path):
        """Same signature after resolved → new INSERT (regression path)."""
        from juggle_db import JuggleDB
        from juggle_selfheal import record_error
    
        db = JuggleDB(str(tmp_path / "juggle.db"))
        db.init_db()
    
        def raise_key():
            raise KeyError("x")
    
        exc = None
        try:
            raise_key()
        except KeyError as e:
            exc = e
    
        with patch("juggle_selfheal._get_db", return_value=db):
            record_error(exc, "juggle_cli.main")
    
        with db._connect() as conn:
            row = conn.execute("SELECT id FROM error_events").fetchone()
>       db.set_error_event_status(row["id"], "resolved")
                                  ^^^^^^^^^
E       TypeError: 'NoneType' object is not subscriptable

tests/test_juggle_selfheal.py:514: TypeError
------------------------------ Captured log setup ------------------------------
WARNING  dbops.migrations_graph:migrations_graph.py:205 Migration 36 (graph_tasks.diffstat) skipped: duplicate column name: diffstat
------------------------------ Captured log call -------------------------------
WARNING  dbops.migrations_graph:migrations_graph.py:205 Migration 36 (graph_tasks.diffstat) skipped: duplicate column name: diffstat
______________________ test_class_a_e2e_record_and_claim _______________________

tmp_path = PosixPath('/private/var/folders/8p/sc129q6n5hq5b7v1l06vdk3w0000gn/T/pytest-of-mikechen/pytest-1277/test_class_a_e2e_record_and_cl0')

    def test_class_a_e2e_record_and_claim(tmp_path):
        """Class A: simulate exception → record → claim diagnosis → resolve → regression."""
        from juggle_db import JuggleDB
        from juggle_selfheal import record_error, _try_claim_diagnosis_slot
    
        db = JuggleDB(str(tmp_path / "juggle.db"))
        db.init_db()
    
        def faulty():
            raise RuntimeError("simulated juggle bug")
    
        exc = None
        try:
            faulty()
        except RuntimeError as e:
            exc = e
    
        with patch("juggle_selfheal._get_db", return_value=db):
            record_error(exc, "juggle_cli.main")
    
        rows = db.get_open_error_events()
>       assert len(rows) == 1
E       assert 0 == 1
E        +  where 0 = len([])

tests/test_juggle_selfheal.py:650: AssertionError
------------------------------ Captured log setup ------------------------------
WARNING  dbops.migrations_graph:migrations_graph.py:205 Migration 36 (graph_tasks.diffstat) skipped: duplicate column name: diffstat
------------------------------ Captured log call -------------------------------
WARNING  dbops.migrations_graph:migrations_graph.py:205 Migration 36 (graph_tasks.diffstat) skipped: duplicate column name: diffstat
=========================== short test summary info ============================
FAILED tests/test_juggle_selfheal.py::test_signature_dedup_class_a - Assertio...
FAILED tests/test_juggle_selfheal.py::test_signature_different_exc_type - Ass...
FAILED tests/test_juggle_selfheal.py::test_resolved_regression - TypeError: '...
FAILED tests/test_juggle_selfheal.py::test_class_a_e2e_record_and_claim - ass...
4 failed, 3151 passed, 20 skipped, 2 deselected in 364.68s (0:06:04)
